<?xml version="1.0" encoding="UTF-8"?>
<!-- Generated by org.testng.reporters.JUnitReportReporter -->
<testsuite skipped="0" hostname="Naumans-PC" name="uk.co.heartbingo.testsuite.SignUpTest" tests="1" failures="0" timestamp="2023-01-20T19:15:00 GMT" time="4.222" errors="0">
  <testcase name="VerifyUserCanNavigateToSignupPageSuccessfully" time="4.222" classname="uk.co.heartbingo.testsuite.SignUpTest"/>
  <system-out>
    <![CDATA[Clicking on Accept Cookies link[[ChromeDriver: chrome on WINDOWS (ef1a6a3815f3a7ea436e7df992ba656c)] -> xpath: //button[@id='onetrust-accept-btn-handler']]
Clicking on Sign Up link[[ChromeDriver: chrome on WINDOWS (ef1a6a3815f3a7ea436e7df992ba656c)] -> xpath: //a[contains(text(),'Sign Up')]]
Getting Sign Up text[[ChromeDriver: chrome on WINDOWS (ef1a6a3815f3a7ea436e7df992ba656c)] -> link text: Sign Up]]]>
  </system-out>
</testsuite> <!-- uk.co.heartbingo.testsuite.SignUpTest -->
